[2025-11-30T09:12:04.456+0000] {local_task_job_runner.py:123} INFO - ::group::Pre task execution logs
[2025-11-30T09:12:04.497+0000] {taskinstance.py:2612} INFO - Dependencies all met for dep_context=non-requeueable deps ti=<TaskInstance: f1_polesight_pipeline.run_spark_etl_job scheduled__2025-11-29T00:00:00+00:00 [queued]>
[2025-11-30T09:12:04.537+0000] {taskinstance.py:2612} INFO - Dependencies all met for dep_context=requeueable deps ti=<TaskInstance: f1_polesight_pipeline.run_spark_etl_job scheduled__2025-11-29T00:00:00+00:00 [queued]>
[2025-11-30T09:12:04.539+0000] {taskinstance.py:2865} INFO - Starting attempt 1 of 1
[2025-11-30T09:12:04.573+0000] {taskinstance.py:2888} INFO - Executing <Task(BashOperator): run_spark_etl_job> on 2025-11-29 00:00:00+00:00
[2025-11-30T09:12:04.596+0000] {standard_task_runner.py:104} INFO - Running: ['***', 'tasks', 'run', 'f1_polesight_pipeline', 'run_spark_etl_job', 'scheduled__2025-11-29T00:00:00+00:00', '--job-id', '33', '--raw', '--subdir', 'DAGS_FOLDER/f1_pipeline_dag.py', '--cfg-path', '/tmp/tmp3eqiywls']
[2025-11-30T09:12:04.610+0000] {standard_task_runner.py:105} INFO - Job 33: Subtask run_spark_etl_job
[2025-11-30T09:12:04.622+0000] {logging_mixin.py:190} WARNING - /home/***/.local/lib/python3.12/site-packages/***/task/task_runner/standard_task_runner.py:70 DeprecationWarning: This process (pid=8265) is multi-threaded, use of fork() may lead to deadlocks in the child.
[2025-11-30T09:12:04.631+0000] {standard_task_runner.py:72} INFO - Started process 8266 to run task
[2025-11-30T09:12:04.772+0000] {task_command.py:467} INFO - Running <TaskInstance: f1_polesight_pipeline.run_spark_etl_job scheduled__2025-11-29T00:00:00+00:00 [running]> on host 5f0ca9dcc785
[2025-11-30T09:12:04.992+0000] {taskinstance.py:3131} INFO - Exporting env vars: AIRFLOW_CTX_DAG_OWNER='f1_admin' AIRFLOW_CTX_DAG_ID='f1_polesight_pipeline' AIRFLOW_CTX_TASK_ID='run_spark_etl_job' AIRFLOW_CTX_EXECUTION_DATE='2025-11-29T00:00:00+00:00' AIRFLOW_CTX_TRY_NUMBER='1' AIRFLOW_CTX_DAG_RUN_ID='scheduled__2025-11-29T00:00:00+00:00'
[2025-11-30T09:12:04.994+0000] {taskinstance.py:731} INFO - ::endgroup::
[2025-11-30T09:12:05.041+0000] {subprocess.py:63} INFO - Tmp dir root location: /tmp
[2025-11-30T09:12:05.044+0000] {subprocess.py:75} INFO - Running command: ['/usr/bin/bash', '-c', 'python /opt/***/jobs/etl_process.py']
[2025-11-30T09:12:05.065+0000] {subprocess.py:86} INFO - Output:
[2025-11-30T09:12:09.112+0000] {subprocess.py:93} INFO - /home/***/.local/lib/python3.12/site-packages/pyspark/bin/load-spark-env.sh: line 68: ps: command not found
[2025-11-30T09:12:12.004+0000] {subprocess.py:93} INFO - :: loading settings :: url = jar:file:/home/***/.local/lib/python3.12/site-packages/pyspark/jars/ivy-2.5.1.jar!/org/apache/ivy/core/settings/ivysettings.xml
[2025-11-30T09:12:12.117+0000] {subprocess.py:93} INFO - Ivy Default Cache set to: /home/***/.ivy2/cache
[2025-11-30T09:12:12.119+0000] {subprocess.py:93} INFO - The jars for the packages stored in: /home/***/.ivy2/jars
[2025-11-30T09:12:12.125+0000] {subprocess.py:93} INFO - org.mongodb.spark#mongo-spark-connector_2.12 added as a dependency
[2025-11-30T09:12:12.126+0000] {subprocess.py:93} INFO - org.postgresql#postgresql added as a dependency
[2025-11-30T09:12:12.127+0000] {subprocess.py:93} INFO - :: resolving dependencies :: org.apache.spark#spark-submit-parent-acd93c26-4fa3-4838-bfb6-7ebe7a4162d0;1.0
[2025-11-30T09:12:12.128+0000] {subprocess.py:93} INFO - 	confs: [default]
[2025-11-30T09:12:12.283+0000] {subprocess.py:93} INFO - 	found org.mongodb.spark#mongo-spark-connector_2.12;10.4.0 in central
[2025-11-30T09:12:12.585+0000] {subprocess.py:93} INFO - You probably access the destination server through a proxy server that is not well configured.
[2025-11-30T09:12:12.587+0000] {subprocess.py:93} INFO - You probably access the destination server through a proxy server that is not well configured.
[2025-11-30T09:12:12.590+0000] {subprocess.py:93} INFO - You probably access the destination server through a proxy server that is not well configured.
[2025-11-30T09:12:12.597+0000] {subprocess.py:93} INFO - You probably access the destination server through a proxy server that is not well configured.
[2025-11-30T09:12:12.598+0000] {subprocess.py:93} INFO - You probably access the destination server through a proxy server that is not well configured.
[2025-11-30T09:12:12.600+0000] {subprocess.py:93} INFO - You probably access the destination server through a proxy server that is not well configured.
[2025-11-30T09:12:12.641+0000] {subprocess.py:93} INFO - 	found org.postgresql#postgresql;42.6.0 in central
[2025-11-30T09:12:12.676+0000] {subprocess.py:93} INFO - 	found org.checkerframework#checker-qual;3.31.0 in central
[2025-11-30T09:12:12.704+0000] {subprocess.py:93} INFO - :: resolution report :: resolve 567ms :: artifacts dl 11ms
[2025-11-30T09:12:12.705+0000] {subprocess.py:93} INFO - 	:: modules in use:
[2025-11-30T09:12:12.706+0000] {subprocess.py:93} INFO - 	org.checkerframework#checker-qual;3.31.0 from central in [default]
[2025-11-30T09:12:12.707+0000] {subprocess.py:93} INFO - 	org.mongodb.spark#mongo-spark-connector_2.12;10.4.0 from central in [default]
[2025-11-30T09:12:12.708+0000] {subprocess.py:93} INFO - 	org.postgresql#postgresql;42.6.0 from central in [default]
[2025-11-30T09:12:12.709+0000] {subprocess.py:93} INFO - 	---------------------------------------------------------------------
[2025-11-30T09:12:12.710+0000] {subprocess.py:93} INFO - 	|                  |            modules            ||   artifacts   |
[2025-11-30T09:12:12.711+0000] {subprocess.py:93} INFO - 	|       conf       | number| search|dwnlded|evicted|| number|dwnlded|
[2025-11-30T09:12:12.712+0000] {subprocess.py:93} INFO - 	---------------------------------------------------------------------
[2025-11-30T09:12:12.713+0000] {subprocess.py:93} INFO - 	|      default     |   4   |   0   |   0   |   0   ||   3   |   0   |
[2025-11-30T09:12:12.714+0000] {subprocess.py:93} INFO - 	---------------------------------------------------------------------
[2025-11-30T09:12:12.715+0000] {subprocess.py:93} INFO - 
[2025-11-30T09:12:12.716+0000] {subprocess.py:93} INFO - :: problems summary ::
[2025-11-30T09:12:12.718+0000] {subprocess.py:93} INFO - :::: WARNINGS
[2025-11-30T09:12:12.718+0000] {subprocess.py:93} INFO - 	Host repo1.maven.org not found. url=https://repo1.maven.org/maven2/org/mongodb/mongodb-driver-sync/maven-metadata.xml
[2025-11-30T09:12:12.719+0000] {subprocess.py:93} INFO - 
[2025-11-30T09:12:12.720+0000] {subprocess.py:93} INFO - 	Host repo1.maven.org not found. url=https://repo1.maven.org/maven2/org/mongodb/mongodb-driver-sync/
[2025-11-30T09:12:12.721+0000] {subprocess.py:93} INFO - 
[2025-11-30T09:12:12.722+0000] {subprocess.py:93} INFO - 	Host repo1.maven.org not found. url=https://repo1.maven.org/maven2/org/mongodb/mongodb-driver-sync/
[2025-11-30T09:12:12.723+0000] {subprocess.py:93} INFO - 
[2025-11-30T09:12:12.723+0000] {subprocess.py:93} INFO - 	Host repos.spark-packages.org not found. url=https://repos.spark-packages.org/org/mongodb/mongodb-driver-sync/maven-metadata.xml
[2025-11-30T09:12:12.724+0000] {subprocess.py:93} INFO - 
[2025-11-30T09:12:12.725+0000] {subprocess.py:93} INFO - 	Host repos.spark-packages.org not found. url=https://repos.spark-packages.org/org/mongodb/mongodb-driver-sync/
[2025-11-30T09:12:12.725+0000] {subprocess.py:93} INFO - 
[2025-11-30T09:12:12.726+0000] {subprocess.py:93} INFO - 	Host repos.spark-packages.org not found. url=https://repos.spark-packages.org/org/mongodb/mongodb-driver-sync/
[2025-11-30T09:12:12.727+0000] {subprocess.py:93} INFO - 
[2025-11-30T09:12:12.727+0000] {subprocess.py:93} INFO - 		module not found: org.mongodb#mongodb-driver-sync;[5.1.1,5.1.99)
[2025-11-30T09:12:12.728+0000] {subprocess.py:93} INFO - 
[2025-11-30T09:12:12.729+0000] {subprocess.py:93} INFO - 	==== local-m2-cache: tried
[2025-11-30T09:12:12.729+0000] {subprocess.py:93} INFO - 
[2025-11-30T09:12:12.730+0000] {subprocess.py:93} INFO - 	  file:/home/***/.m2/repository/org/mongodb/mongodb-driver-sync/[revision]/mongodb-driver-sync-[revision].pom
[2025-11-30T09:12:12.731+0000] {subprocess.py:93} INFO - 
[2025-11-30T09:12:12.731+0000] {subprocess.py:93} INFO - 	  -- artifact org.mongodb#mongodb-driver-sync;[5.1.1,5.1.99)!mongodb-driver-sync.jar:
[2025-11-30T09:12:12.732+0000] {subprocess.py:93} INFO - 
[2025-11-30T09:12:12.733+0000] {subprocess.py:93} INFO - 	  file:/home/***/.m2/repository/org/mongodb/mongodb-driver-sync/[revision]/mongodb-driver-sync-[revision].jar
[2025-11-30T09:12:12.733+0000] {subprocess.py:93} INFO - 
[2025-11-30T09:12:12.734+0000] {subprocess.py:93} INFO - 	==== local-ivy-cache: tried
[2025-11-30T09:12:12.735+0000] {subprocess.py:93} INFO - 
[2025-11-30T09:12:12.736+0000] {subprocess.py:93} INFO - 	  /home/***/.ivy2/local/org.mongodb/mongodb-driver-sync/[revision]/ivys/ivy.xml
[2025-11-30T09:12:12.736+0000] {subprocess.py:93} INFO - 
[2025-11-30T09:12:12.737+0000] {subprocess.py:93} INFO - 	  -- artifact org.mongodb#mongodb-driver-sync;[5.1.1,5.1.99)!mongodb-driver-sync.jar:
[2025-11-30T09:12:12.738+0000] {subprocess.py:93} INFO - 
[2025-11-30T09:12:12.739+0000] {subprocess.py:93} INFO - 	  /home/***/.ivy2/local/org.mongodb/mongodb-driver-sync/[revision]/jars/mongodb-driver-sync.jar
[2025-11-30T09:12:12.739+0000] {subprocess.py:93} INFO - 
[2025-11-30T09:12:12.740+0000] {subprocess.py:93} INFO - 	==== central: tried
[2025-11-30T09:12:12.741+0000] {subprocess.py:93} INFO - 
[2025-11-30T09:12:12.741+0000] {subprocess.py:93} INFO - 	  https://repo1.maven.org/maven2/org/mongodb/mongodb-driver-sync/[revision]/mongodb-driver-sync-[revision].pom
[2025-11-30T09:12:12.742+0000] {subprocess.py:93} INFO - 
[2025-11-30T09:12:12.743+0000] {subprocess.py:93} INFO - 	  -- artifact org.mongodb#mongodb-driver-sync;[5.1.1,5.1.99)!mongodb-driver-sync.jar:
[2025-11-30T09:12:12.744+0000] {subprocess.py:93} INFO - 
[2025-11-30T09:12:12.745+0000] {subprocess.py:93} INFO - 	  https://repo1.maven.org/maven2/org/mongodb/mongodb-driver-sync/[revision]/mongodb-driver-sync-[revision].jar
[2025-11-30T09:12:12.746+0000] {subprocess.py:93} INFO - 
[2025-11-30T09:12:12.746+0000] {subprocess.py:93} INFO - 	==== spark-packages: tried
[2025-11-30T09:12:12.747+0000] {subprocess.py:93} INFO - 
[2025-11-30T09:12:12.748+0000] {subprocess.py:93} INFO - 	  https://repos.spark-packages.org/org/mongodb/mongodb-driver-sync/[revision]/mongodb-driver-sync-[revision].pom
[2025-11-30T09:12:12.749+0000] {subprocess.py:93} INFO - 
[2025-11-30T09:12:12.750+0000] {subprocess.py:93} INFO - 	  -- artifact org.mongodb#mongodb-driver-sync;[5.1.1,5.1.99)!mongodb-driver-sync.jar:
[2025-11-30T09:12:12.751+0000] {subprocess.py:93} INFO - 
[2025-11-30T09:12:12.751+0000] {subprocess.py:93} INFO - 	  https://repos.spark-packages.org/org/mongodb/mongodb-driver-sync/[revision]/mongodb-driver-sync-[revision].jar
[2025-11-30T09:12:12.752+0000] {subprocess.py:93} INFO - 
[2025-11-30T09:12:12.752+0000] {subprocess.py:93} INFO - 		::::::::::::::::::::::::::::::::::::::::::::::
[2025-11-30T09:12:12.753+0000] {subprocess.py:93} INFO - 
[2025-11-30T09:12:12.754+0000] {subprocess.py:93} INFO - 		::          UNRESOLVED DEPENDENCIES         ::
[2025-11-30T09:12:12.755+0000] {subprocess.py:93} INFO - 
[2025-11-30T09:12:12.755+0000] {subprocess.py:93} INFO - 		::::::::::::::::::::::::::::::::::::::::::::::
[2025-11-30T09:12:12.756+0000] {subprocess.py:93} INFO - 
[2025-11-30T09:12:12.757+0000] {subprocess.py:93} INFO - 		:: org.mongodb#mongodb-driver-sync;[5.1.1,5.1.99): not found
[2025-11-30T09:12:12.758+0000] {subprocess.py:93} INFO - 
[2025-11-30T09:12:12.759+0000] {subprocess.py:93} INFO - 		::::::::::::::::::::::::::::::::::::::::::::::
[2025-11-30T09:12:12.759+0000] {subprocess.py:93} INFO - 
[2025-11-30T09:12:12.760+0000] {subprocess.py:93} INFO - 
[2025-11-30T09:12:12.761+0000] {subprocess.py:93} INFO - 
[2025-11-30T09:12:12.761+0000] {subprocess.py:93} INFO - :: USE VERBOSE OR DEBUG MESSAGE LEVEL FOR MORE DETAILS
[2025-11-30T09:12:12.762+0000] {subprocess.py:93} INFO - Exception in thread "main" java.lang.RuntimeException: [unresolved dependency: org.mongodb#mongodb-driver-sync;[5.1.1,5.1.99): not found]
[2025-11-30T09:12:12.763+0000] {subprocess.py:93} INFO - 	at org.apache.spark.deploy.SparkSubmitUtils$.resolveMavenCoordinates(SparkSubmit.scala:1537)
[2025-11-30T09:12:12.764+0000] {subprocess.py:93} INFO - 	at org.apache.spark.util.DependencyUtils$.resolveMavenDependencies(DependencyUtils.scala:185)
[2025-11-30T09:12:12.764+0000] {subprocess.py:93} INFO - 	at org.apache.spark.deploy.SparkSubmit.prepareSubmitEnvironment(SparkSubmit.scala:334)
[2025-11-30T09:12:12.765+0000] {subprocess.py:93} INFO - 	at org.apache.spark.deploy.SparkSubmit.org$apache$spark$deploy$SparkSubmit$$runMain(SparkSubmit.scala:964)
[2025-11-30T09:12:12.766+0000] {subprocess.py:93} INFO - 	at org.apache.spark.deploy.SparkSubmit.doRunMain$1(SparkSubmit.scala:194)
[2025-11-30T09:12:12.767+0000] {subprocess.py:93} INFO - 	at org.apache.spark.deploy.SparkSubmit.submit(SparkSubmit.scala:217)
[2025-11-30T09:12:12.767+0000] {subprocess.py:93} INFO - 	at org.apache.spark.deploy.SparkSubmit.doSubmit(SparkSubmit.scala:91)
[2025-11-30T09:12:12.768+0000] {subprocess.py:93} INFO - 	at org.apache.spark.deploy.SparkSubmit$$anon$2.doSubmit(SparkSubmit.scala:1120)
[2025-11-30T09:12:12.769+0000] {subprocess.py:93} INFO - 	at org.apache.spark.deploy.SparkSubmit$.main(SparkSubmit.scala:1129)
[2025-11-30T09:12:12.770+0000] {subprocess.py:93} INFO - 	at org.apache.spark.deploy.SparkSubmit.main(SparkSubmit.scala)
[2025-11-30T09:12:12.787+0000] {subprocess.py:93} INFO - Traceback (most recent call last):
[2025-11-30T09:12:12.788+0000] {subprocess.py:93} INFO -   File "/opt/***/jobs/etl_process.py", line 79, in <module>
[2025-11-30T09:12:12.792+0000] {subprocess.py:93} INFO -     run_etl()
[2025-11-30T09:12:12.793+0000] {subprocess.py:93} INFO -   File "/opt/***/jobs/etl_process.py", line 13, in run_etl
[2025-11-30T09:12:12.795+0000] {subprocess.py:93} INFO -     .getOrCreate()
[2025-11-30T09:12:12.796+0000] {subprocess.py:93} INFO -      ^^^^^^^^^^^^^
[2025-11-30T09:12:12.797+0000] {subprocess.py:93} INFO -   File "/home/***/.local/lib/python3.12/site-packages/pyspark/sql/session.py", line 497, in getOrCreate
[2025-11-30T09:12:12.798+0000] {subprocess.py:93} INFO -     sc = SparkContext.getOrCreate(sparkConf)
[2025-11-30T09:12:12.798+0000] {subprocess.py:93} INFO -          ^^^^^^^^^^^^^^^^^^^^^^^^^^^^^^^^^^^
[2025-11-30T09:12:12.799+0000] {subprocess.py:93} INFO -   File "/home/***/.local/lib/python3.12/site-packages/pyspark/context.py", line 515, in getOrCreate
[2025-11-30T09:12:12.800+0000] {subprocess.py:93} INFO -     SparkContext(conf=conf or SparkConf())
[2025-11-30T09:12:12.800+0000] {subprocess.py:93} INFO -   File "/home/***/.local/lib/python3.12/site-packages/pyspark/context.py", line 201, in __init__
[2025-11-30T09:12:12.801+0000] {subprocess.py:93} INFO -     SparkContext._ensure_initialized(self, gateway=gateway, conf=conf)
[2025-11-30T09:12:12.802+0000] {subprocess.py:93} INFO -   File "/home/***/.local/lib/python3.12/site-packages/pyspark/context.py", line 436, in _ensure_initialized
[2025-11-30T09:12:12.803+0000] {subprocess.py:93} INFO -     SparkContext._gateway = gateway or launch_gateway(conf)
[2025-11-30T09:12:12.803+0000] {subprocess.py:93} INFO -                                        ^^^^^^^^^^^^^^^^^^^^
[2025-11-30T09:12:12.804+0000] {subprocess.py:93} INFO -   File "/home/***/.local/lib/python3.12/site-packages/pyspark/java_gateway.py", line 107, in launch_gateway
[2025-11-30T09:12:12.805+0000] {subprocess.py:93} INFO -     raise PySparkRuntimeError(
[2025-11-30T09:12:12.806+0000] {subprocess.py:93} INFO - pyspark.errors.exceptions.base.PySparkRuntimeError: [JAVA_GATEWAY_EXITED] Java gateway process exited before sending its port number.
[2025-11-30T09:12:12.879+0000] {subprocess.py:97} INFO - Command exited with return code 1
[2025-11-30T09:12:12.896+0000] {taskinstance.py:3310} ERROR - Task failed with exception
Traceback (most recent call last):
  File "/home/airflow/.local/lib/python3.12/site-packages/airflow/models/taskinstance.py", line 767, in _execute_task
    result = _execute_callable(context=context, **execute_callable_kwargs)
             ^^^^^^^^^^^^^^^^^^^^^^^^^^^^^^^^^^^^^^^^^^^^^^^^^^^^^^^^^^^^^
  File "/home/airflow/.local/lib/python3.12/site-packages/airflow/models/taskinstance.py", line 733, in _execute_callable
    return ExecutionCallableRunner(
           ^^^^^^^^^^^^^^^^^^^^^^^^
  File "/home/airflow/.local/lib/python3.12/site-packages/airflow/utils/operator_helpers.py", line 252, in run
    return self.func(*args, **kwargs)
           ^^^^^^^^^^^^^^^^^^^^^^^^^^
  File "/home/airflow/.local/lib/python3.12/site-packages/airflow/models/baseoperator.py", line 406, in wrapper
    return func(self, *args, **kwargs)
           ^^^^^^^^^^^^^^^^^^^^^^^^^^^
  File "/home/airflow/.local/lib/python3.12/site-packages/airflow/operators/bash.py", line 249, in execute
    raise AirflowException(
airflow.exceptions.AirflowException: Bash command failed. The command returned a non-zero exit code 1.
[2025-11-30T09:12:12.916+0000] {taskinstance.py:1225} INFO - Marking task as FAILED. dag_id=f1_polesight_pipeline, task_id=run_spark_etl_job, run_id=scheduled__2025-11-29T00:00:00+00:00, execution_date=20251129T000000, start_date=20251130T091204, end_date=20251130T091212
[2025-11-30T09:12:12.952+0000] {taskinstance.py:340} INFO - ::group::Post task execution logs
[2025-11-30T09:12:12.953+0000] {standard_task_runner.py:124} ERROR - Failed to execute job 33 for task run_spark_etl_job (Bash command failed. The command returned a non-zero exit code 1.; 8266)
Traceback (most recent call last):
  File "/home/airflow/.local/lib/python3.12/site-packages/airflow/task/task_runner/standard_task_runner.py", line 117, in _start_by_fork
    ret = args.func(args, dag=self.dag)
          ^^^^^^^^^^^^^^^^^^^^^^^^^^^^^
  File "/home/airflow/.local/lib/python3.12/site-packages/airflow/cli/cli_config.py", line 49, in command
    return func(*args, **kwargs)
           ^^^^^^^^^^^^^^^^^^^^^
  File "/home/airflow/.local/lib/python3.12/site-packages/airflow/utils/cli.py", line 115, in wrapper
    return f(*args, **kwargs)
           ^^^^^^^^^^^^^^^^^^
  File "/home/airflow/.local/lib/python3.12/site-packages/airflow/cli/commands/task_command.py", line 483, in task_run
    task_return_code = _run_task_by_selected_method(args, _dag, ti)
                       ^^^^^^^^^^^^^^^^^^^^^^^^^^^^^^^^^^^^^^^^^^^^
  File "/home/airflow/.local/lib/python3.12/site-packages/airflow/cli/commands/task_command.py", line 256, in _run_task_by_selected_method
    return _run_raw_task(args, ti)
           ^^^^^^^^^^^^^^^^^^^^^^^
  File "/home/airflow/.local/lib/python3.12/site-packages/airflow/cli/commands/task_command.py", line 341, in _run_raw_task
    return ti._run_raw_task(
           ^^^^^^^^^^^^^^^^^
  File "/home/airflow/.local/lib/python3.12/site-packages/airflow/utils/session.py", line 97, in wrapper
    return func(*args, session=session, **kwargs)
           ^^^^^^^^^^^^^^^^^^^^^^^^^^^^^^^^^^^^^^
  File "/home/airflow/.local/lib/python3.12/site-packages/airflow/models/taskinstance.py", line 3004, in _run_raw_task
    return _run_raw_task(
           ^^^^^^^^^^^^^^
  File "/home/airflow/.local/lib/python3.12/site-packages/airflow/models/taskinstance.py", line 273, in _run_raw_task
    TaskInstance._execute_task_with_callbacks(
  File "/home/airflow/.local/lib/python3.12/site-packages/airflow/models/taskinstance.py", line 3158, in _execute_task_with_callbacks
    result = self._execute_task(context, task_orig)
             ^^^^^^^^^^^^^^^^^^^^^^^^^^^^^^^^^^^^^^
  File "/home/airflow/.local/lib/python3.12/site-packages/airflow/models/taskinstance.py", line 3182, in _execute_task
    return _execute_task(self, context, task_orig)
           ^^^^^^^^^^^^^^^^^^^^^^^^^^^^^^^^^^^^^^^
  File "/home/airflow/.local/lib/python3.12/site-packages/airflow/models/taskinstance.py", line 767, in _execute_task
    result = _execute_callable(context=context, **execute_callable_kwargs)
             ^^^^^^^^^^^^^^^^^^^^^^^^^^^^^^^^^^^^^^^^^^^^^^^^^^^^^^^^^^^^^
  File "/home/airflow/.local/lib/python3.12/site-packages/airflow/models/taskinstance.py", line 733, in _execute_callable
    return ExecutionCallableRunner(
           ^^^^^^^^^^^^^^^^^^^^^^^^
  File "/home/airflow/.local/lib/python3.12/site-packages/airflow/utils/operator_helpers.py", line 252, in run
    return self.func(*args, **kwargs)
           ^^^^^^^^^^^^^^^^^^^^^^^^^^
  File "/home/airflow/.local/lib/python3.12/site-packages/airflow/models/baseoperator.py", line 406, in wrapper
    return func(self, *args, **kwargs)
           ^^^^^^^^^^^^^^^^^^^^^^^^^^^
  File "/home/airflow/.local/lib/python3.12/site-packages/airflow/operators/bash.py", line 249, in execute
    raise AirflowException(
airflow.exceptions.AirflowException: Bash command failed. The command returned a non-zero exit code 1.
[2025-11-30T09:12:12.996+0000] {local_task_job_runner.py:266} INFO - Task exited with return code 1
[2025-11-30T09:12:13.024+0000] {taskinstance.py:3900} INFO - 0 downstream tasks scheduled from follow-on schedule check
[2025-11-30T09:12:13.030+0000] {local_task_job_runner.py:245} INFO - ::endgroup::
