[2025-11-27T11:43:10.722+0000] {local_task_job_runner.py:123} INFO - ::group::Pre task execution logs
[2025-11-27T11:43:10.787+0000] {taskinstance.py:2612} INFO - Dependencies all met for dep_context=non-requeueable deps ti=<TaskInstance: f1_polesight_pipeline.run_spark_etl_job manual__2025-11-27T11:43:07.442290+00:00 [queued]>
[2025-11-27T11:43:10.825+0000] {taskinstance.py:2612} INFO - Dependencies all met for dep_context=requeueable deps ti=<TaskInstance: f1_polesight_pipeline.run_spark_etl_job manual__2025-11-27T11:43:07.442290+00:00 [queued]>
[2025-11-27T11:43:10.826+0000] {taskinstance.py:2865} INFO - Starting attempt 1 of 1
[2025-11-27T11:43:10.859+0000] {taskinstance.py:2888} INFO - Executing <Task(BashOperator): run_spark_etl_job> on 2025-11-27 11:43:07.442290+00:00
[2025-11-27T11:43:10.883+0000] {standard_task_runner.py:104} INFO - Running: ['***', 'tasks', 'run', 'f1_polesight_pipeline', 'run_spark_etl_job', 'manual__2025-11-27T11:43:07.442290+00:00', '--job-id', '5', '--raw', '--subdir', 'DAGS_FOLDER/f1_pipeline_dag.py', '--cfg-path', '/tmp/tmpcpfd86_q']
[2025-11-27T11:43:10.899+0000] {standard_task_runner.py:105} INFO - Job 5: Subtask run_spark_etl_job
[2025-11-27T11:43:10.925+0000] {logging_mixin.py:190} WARNING - /home/***/.local/lib/python3.12/site-packages/***/task/task_runner/standard_task_runner.py:70 DeprecationWarning: This process (pid=318) is multi-threaded, use of fork() may lead to deadlocks in the child.
[2025-11-27T11:43:10.926+0000] {standard_task_runner.py:72} INFO - Started process 319 to run task
[2025-11-27T11:43:11.126+0000] {task_command.py:467} INFO - Running <TaskInstance: f1_polesight_pipeline.run_spark_etl_job manual__2025-11-27T11:43:07.442290+00:00 [running]> on host ce93ed075ebc
[2025-11-27T11:43:11.310+0000] {taskinstance.py:3131} INFO - Exporting env vars: AIRFLOW_CTX_DAG_OWNER='f1_admin' AIRFLOW_CTX_DAG_ID='f1_polesight_pipeline' AIRFLOW_CTX_TASK_ID='run_spark_etl_job' AIRFLOW_CTX_EXECUTION_DATE='2025-11-27T11:43:07.442290+00:00' AIRFLOW_CTX_TRY_NUMBER='1' AIRFLOW_CTX_DAG_RUN_ID='manual__2025-11-27T11:43:07.442290+00:00'
[2025-11-27T11:43:11.312+0000] {taskinstance.py:731} INFO - ::endgroup::
[2025-11-27T11:43:11.364+0000] {subprocess.py:63} INFO - Tmp dir root location: /tmp
[2025-11-27T11:43:11.369+0000] {subprocess.py:75} INFO - Running command: ['/usr/bin/bash', '-c', 'python /opt/***/jobs/etl_process.py']
[2025-11-27T11:43:11.397+0000] {subprocess.py:86} INFO - Output:
[2025-11-27T11:43:12.666+0000] {subprocess.py:93} INFO - /home/***/.local/lib/python3.12/site-packages/pyspark/bin/load-spark-env.sh: line 68: ps: command not found
[2025-11-27T11:43:17.025+0000] {subprocess.py:93} INFO - :: loading settings :: url = jar:file:/home/***/.local/lib/python3.12/site-packages/pyspark/jars/ivy-2.5.1.jar!/org/apache/ivy/core/settings/ivysettings.xml
[2025-11-27T11:43:16.837+0000] {subprocess.py:93} INFO - Ivy Default Cache set to: /home/***/.ivy2/cache
[2025-11-27T11:43:16.841+0000] {subprocess.py:93} INFO - The jars for the packages stored in: /home/***/.ivy2/jars
[2025-11-27T11:43:16.850+0000] {subprocess.py:93} INFO - org.mongodb.spark#mongo-spark-connector_2.12 added as a dependency
[2025-11-27T11:43:16.852+0000] {subprocess.py:93} INFO - org.postgresql#postgresql added as a dependency
[2025-11-27T11:43:16.853+0000] {subprocess.py:93} INFO - :: resolving dependencies :: org.apache.spark#spark-submit-parent-6e151dd7-b1a5-4ece-8752-a50cb7aab9c5;1.0
[2025-11-27T11:43:16.855+0000] {subprocess.py:93} INFO - 	confs: [default]
[2025-11-27T11:43:16.818+0000] {subprocess.py:93} INFO - 	found org.mongodb.spark#mongo-spark-connector_2.12;10.4.0 in central
[2025-11-27T11:43:18.477+0000] {subprocess.py:93} INFO - 	found org.mongodb#mongodb-driver-sync;5.1.4 in central
[2025-11-27T11:43:18.479+0000] {subprocess.py:93} INFO - 	[5.1.4] org.mongodb#mongodb-driver-sync;[5.1.1,5.1.99)
[2025-11-27T11:43:18.549+0000] {subprocess.py:93} INFO - 	found org.mongodb#bson;5.1.4 in central
[2025-11-27T11:43:18.613+0000] {subprocess.py:93} INFO - 	found org.mongodb#mongodb-driver-core;5.1.4 in central
[2025-11-27T11:43:18.667+0000] {subprocess.py:93} INFO - 	found org.mongodb#bson-record-codec;5.1.4 in central
[2025-11-27T11:43:18.719+0000] {subprocess.py:93} INFO - 	found org.postgresql#postgresql;42.6.0 in central
[2025-11-27T11:43:18.747+0000] {subprocess.py:93} INFO - 	found org.checkerframework#checker-qual;3.31.0 in central
[2025-11-27T11:43:18.850+0000] {subprocess.py:93} INFO - downloading https://repo1.maven.org/maven2/org/mongodb/mongodb-driver-core/5.1.4/mongodb-driver-core-5.1.4.jar ...
[2025-11-27T11:43:21.305+0000] {subprocess.py:93} INFO - :: resolution report :: resolve 1919ms :: artifacts dl 2530ms
[2025-11-27T11:43:21.308+0000] {subprocess.py:93} INFO - 	:: modules in use:
[2025-11-27T11:43:21.312+0000] {subprocess.py:93} INFO - 	org.checkerframework#checker-qual;3.31.0 from central in [default]
[2025-11-27T11:43:21.331+0000] {subprocess.py:93} INFO - 	org.mongodb#bson;5.1.4 from central in [default]
[2025-11-27T11:43:21.335+0000] {subprocess.py:93} INFO - 	org.mongodb#bson-record-codec;5.1.4 from central in [default]
[2025-11-27T11:43:21.340+0000] {subprocess.py:93} INFO - 	org.mongodb#mongodb-driver-core;5.1.4 from central in [default]
[2025-11-27T11:43:21.343+0000] {subprocess.py:93} INFO - 	org.mongodb#mongodb-driver-sync;5.1.4 from central in [default]
[2025-11-27T11:43:21.344+0000] {subprocess.py:93} INFO - 	org.mongodb.spark#mongo-spark-connector_2.12;10.4.0 from central in [default]
[2025-11-27T11:43:21.350+0000] {subprocess.py:93} INFO - 	org.postgresql#postgresql;42.6.0 from central in [default]
[2025-11-27T11:43:21.352+0000] {subprocess.py:93} INFO - 	---------------------------------------------------------------------
[2025-11-27T11:43:21.353+0000] {subprocess.py:93} INFO - 	|                  |            modules            ||   artifacts   |
[2025-11-27T11:43:21.356+0000] {subprocess.py:93} INFO - 	|       conf       | number| search|dwnlded|evicted|| number|dwnlded|
[2025-11-27T11:43:21.358+0000] {subprocess.py:93} INFO - 	---------------------------------------------------------------------
[2025-11-27T11:43:21.369+0000] {subprocess.py:93} INFO - 	|      default     |   7   |   1   |   0   |   0   ||   7   |   0   |
[2025-11-27T11:43:21.371+0000] {subprocess.py:93} INFO - 	---------------------------------------------------------------------
[2025-11-27T11:43:21.372+0000] {subprocess.py:93} INFO - 
[2025-11-27T11:43:21.374+0000] {subprocess.py:93} INFO - :: problems summary ::
[2025-11-27T11:43:21.377+0000] {subprocess.py:93} INFO - :::: WARNINGS
[2025-11-27T11:43:21.382+0000] {subprocess.py:93} INFO - 		[FAILED     ] org.mongodb#mongodb-driver-core;5.1.4!mongodb-driver-core.jar: Downloaded file size (0) doesn't match expected Content Length (1706141) for https://repo1.maven.org/maven2/org/mongodb/mongodb-driver-core/5.1.4/mongodb-driver-core-5.1.4.jar. Please retry. (2493ms)
[2025-11-27T11:43:21.385+0000] {subprocess.py:93} INFO - 
[2025-11-27T11:43:21.386+0000] {subprocess.py:93} INFO - 		[FAILED     ] org.mongodb#mongodb-driver-core;5.1.4!mongodb-driver-core.jar: Downloaded file size (0) doesn't match expected Content Length (1706141) for https://repo1.maven.org/maven2/org/mongodb/mongodb-driver-core/5.1.4/mongodb-driver-core-5.1.4.jar. Please retry. (2493ms)
[2025-11-27T11:43:21.389+0000] {subprocess.py:93} INFO - 
[2025-11-27T11:43:21.391+0000] {subprocess.py:93} INFO - 	==== central: tried
[2025-11-27T11:43:21.393+0000] {subprocess.py:93} INFO - 
[2025-11-27T11:43:21.398+0000] {subprocess.py:93} INFO - 	  https://repo1.maven.org/maven2/org/mongodb/mongodb-driver-core/5.1.4/mongodb-driver-core-5.1.4.jar
[2025-11-27T11:43:21.399+0000] {subprocess.py:93} INFO - 
[2025-11-27T11:43:21.404+0000] {subprocess.py:93} INFO - 		::::::::::::::::::::::::::::::::::::::::::::::
[2025-11-27T11:43:21.407+0000] {subprocess.py:93} INFO - 
[2025-11-27T11:43:21.409+0000] {subprocess.py:93} INFO - 		::              FAILED DOWNLOADS            ::
[2025-11-27T11:43:21.410+0000] {subprocess.py:93} INFO - 
[2025-11-27T11:43:21.412+0000] {subprocess.py:93} INFO - 		:: ^ see resolution messages for details  ^ ::
[2025-11-27T11:43:21.414+0000] {subprocess.py:93} INFO - 
[2025-11-27T11:43:21.415+0000] {subprocess.py:93} INFO - 		::::::::::::::::::::::::::::::::::::::::::::::
[2025-11-27T11:43:21.417+0000] {subprocess.py:93} INFO - 
[2025-11-27T11:43:21.419+0000] {subprocess.py:93} INFO - 		:: org.mongodb#mongodb-driver-core;5.1.4!mongodb-driver-core.jar
[2025-11-27T11:43:21.420+0000] {subprocess.py:93} INFO - 
[2025-11-27T11:43:21.423+0000] {subprocess.py:93} INFO - 		::::::::::::::::::::::::::::::::::::::::::::::
[2025-11-27T11:43:21.424+0000] {subprocess.py:93} INFO - 
[2025-11-27T11:43:21.427+0000] {subprocess.py:93} INFO - 
[2025-11-27T11:43:21.429+0000] {subprocess.py:93} INFO - 
[2025-11-27T11:43:21.431+0000] {subprocess.py:93} INFO - :: USE VERBOSE OR DEBUG MESSAGE LEVEL FOR MORE DETAILS
[2025-11-27T11:43:21.435+0000] {subprocess.py:93} INFO - Exception in thread "main" java.lang.RuntimeException: [download failed: org.mongodb#mongodb-driver-core;5.1.4!mongodb-driver-core.jar]
[2025-11-27T11:43:21.439+0000] {subprocess.py:93} INFO - 	at org.apache.spark.deploy.SparkSubmitUtils$.resolveMavenCoordinates(SparkSubmit.scala:1537)
[2025-11-27T11:43:21.440+0000] {subprocess.py:93} INFO - 	at org.apache.spark.util.DependencyUtils$.resolveMavenDependencies(DependencyUtils.scala:185)
[2025-11-27T11:43:21.442+0000] {subprocess.py:93} INFO - 	at org.apache.spark.deploy.SparkSubmit.prepareSubmitEnvironment(SparkSubmit.scala:334)
[2025-11-27T11:43:21.444+0000] {subprocess.py:93} INFO - 	at org.apache.spark.deploy.SparkSubmit.org$apache$spark$deploy$SparkSubmit$$runMain(SparkSubmit.scala:964)
[2025-11-27T11:43:21.445+0000] {subprocess.py:93} INFO - 	at org.apache.spark.deploy.SparkSubmit.doRunMain$1(SparkSubmit.scala:194)
[2025-11-27T11:43:21.447+0000] {subprocess.py:93} INFO - 	at org.apache.spark.deploy.SparkSubmit.submit(SparkSubmit.scala:217)
[2025-11-27T11:43:21.448+0000] {subprocess.py:93} INFO - 	at org.apache.spark.deploy.SparkSubmit.doSubmit(SparkSubmit.scala:91)
[2025-11-27T11:43:21.449+0000] {subprocess.py:93} INFO - 	at org.apache.spark.deploy.SparkSubmit$$anon$2.doSubmit(SparkSubmit.scala:1120)
[2025-11-27T11:43:21.453+0000] {subprocess.py:93} INFO - 	at org.apache.spark.deploy.SparkSubmit$.main(SparkSubmit.scala:1129)
[2025-11-27T11:43:21.458+0000] {subprocess.py:93} INFO - 	at org.apache.spark.deploy.SparkSubmit.main(SparkSubmit.scala)
[2025-11-27T11:43:21.460+0000] {subprocess.py:93} INFO - Traceback (most recent call last):
[2025-11-27T11:43:21.472+0000] {subprocess.py:93} INFO -   File "/opt/***/jobs/etl_process.py", line 54, in <module>
[2025-11-27T11:43:21.475+0000] {subprocess.py:93} INFO -     run_etl()
[2025-11-27T11:43:21.478+0000] {subprocess.py:93} INFO -   File "/opt/***/jobs/etl_process.py", line 13, in run_etl
[2025-11-27T11:43:21.493+0000] {subprocess.py:93} INFO -     .getOrCreate()
[2025-11-27T11:43:21.495+0000] {subprocess.py:93} INFO -      ^^^^^^^^^^^^^
[2025-11-27T11:43:21.497+0000] {subprocess.py:93} INFO -   File "/home/***/.local/lib/python3.12/site-packages/pyspark/sql/session.py", line 497, in getOrCreate
[2025-11-27T11:43:21.499+0000] {subprocess.py:93} INFO -     sc = SparkContext.getOrCreate(sparkConf)
[2025-11-27T11:43:21.501+0000] {subprocess.py:93} INFO -          ^^^^^^^^^^^^^^^^^^^^^^^^^^^^^^^^^^^
[2025-11-27T11:43:21.504+0000] {subprocess.py:93} INFO -   File "/home/***/.local/lib/python3.12/site-packages/pyspark/context.py", line 515, in getOrCreate
[2025-11-27T11:43:21.508+0000] {subprocess.py:93} INFO -     SparkContext(conf=conf or SparkConf())
[2025-11-27T11:43:21.510+0000] {subprocess.py:93} INFO -   File "/home/***/.local/lib/python3.12/site-packages/pyspark/context.py", line 201, in __init__
[2025-11-27T11:43:21.515+0000] {subprocess.py:93} INFO -     SparkContext._ensure_initialized(self, gateway=gateway, conf=conf)
[2025-11-27T11:43:21.517+0000] {subprocess.py:93} INFO -   File "/home/***/.local/lib/python3.12/site-packages/pyspark/context.py", line 436, in _ensure_initialized
[2025-11-27T11:43:21.519+0000] {subprocess.py:93} INFO -     SparkContext._gateway = gateway or launch_gateway(conf)
[2025-11-27T11:43:21.523+0000] {subprocess.py:93} INFO -                                        ^^^^^^^^^^^^^^^^^^^^
[2025-11-27T11:43:21.525+0000] {subprocess.py:93} INFO -   File "/home/***/.local/lib/python3.12/site-packages/pyspark/java_gateway.py", line 107, in launch_gateway
[2025-11-27T11:43:21.528+0000] {subprocess.py:93} INFO -     raise PySparkRuntimeError(
[2025-11-27T11:43:21.529+0000] {subprocess.py:93} INFO - pyspark.errors.exceptions.base.PySparkRuntimeError: [JAVA_GATEWAY_EXITED] Java gateway process exited before sending its port number.
[2025-11-27T11:43:21.720+0000] {subprocess.py:97} INFO - Command exited with return code 1
[2025-11-27T11:43:21.761+0000] {taskinstance.py:3310} ERROR - Task failed with exception
Traceback (most recent call last):
  File "/home/airflow/.local/lib/python3.12/site-packages/airflow/models/taskinstance.py", line 767, in _execute_task
    result = _execute_callable(context=context, **execute_callable_kwargs)
             ^^^^^^^^^^^^^^^^^^^^^^^^^^^^^^^^^^^^^^^^^^^^^^^^^^^^^^^^^^^^^
  File "/home/airflow/.local/lib/python3.12/site-packages/airflow/models/taskinstance.py", line 733, in _execute_callable
    return ExecutionCallableRunner(
           ^^^^^^^^^^^^^^^^^^^^^^^^
  File "/home/airflow/.local/lib/python3.12/site-packages/airflow/utils/operator_helpers.py", line 252, in run
    return self.func(*args, **kwargs)
           ^^^^^^^^^^^^^^^^^^^^^^^^^^
  File "/home/airflow/.local/lib/python3.12/site-packages/airflow/models/baseoperator.py", line 406, in wrapper
    return func(self, *args, **kwargs)
           ^^^^^^^^^^^^^^^^^^^^^^^^^^^
  File "/home/airflow/.local/lib/python3.12/site-packages/airflow/operators/bash.py", line 249, in execute
    raise AirflowException(
airflow.exceptions.AirflowException: Bash command failed. The command returned a non-zero exit code 1.
[2025-11-27T11:43:21.776+0000] {taskinstance.py:1225} INFO - Marking task as FAILED. dag_id=f1_polesight_pipeline, task_id=run_spark_etl_job, run_id=manual__2025-11-27T11:43:07.442290+00:00, execution_date=20251127T114307, start_date=20251127T114310, end_date=20251127T114321
[2025-11-27T11:43:21.823+0000] {taskinstance.py:340} INFO - ::group::Post task execution logs
[2025-11-27T11:43:21.826+0000] {standard_task_runner.py:124} ERROR - Failed to execute job 5 for task run_spark_etl_job (Bash command failed. The command returned a non-zero exit code 1.; 319)
Traceback (most recent call last):
  File "/home/airflow/.local/lib/python3.12/site-packages/airflow/task/task_runner/standard_task_runner.py", line 117, in _start_by_fork
    ret = args.func(args, dag=self.dag)
          ^^^^^^^^^^^^^^^^^^^^^^^^^^^^^
  File "/home/airflow/.local/lib/python3.12/site-packages/airflow/cli/cli_config.py", line 49, in command
    return func(*args, **kwargs)
           ^^^^^^^^^^^^^^^^^^^^^
  File "/home/airflow/.local/lib/python3.12/site-packages/airflow/utils/cli.py", line 115, in wrapper
    return f(*args, **kwargs)
           ^^^^^^^^^^^^^^^^^^
  File "/home/airflow/.local/lib/python3.12/site-packages/airflow/cli/commands/task_command.py", line 483, in task_run
    task_return_code = _run_task_by_selected_method(args, _dag, ti)
                       ^^^^^^^^^^^^^^^^^^^^^^^^^^^^^^^^^^^^^^^^^^^^
  File "/home/airflow/.local/lib/python3.12/site-packages/airflow/cli/commands/task_command.py", line 256, in _run_task_by_selected_method
    return _run_raw_task(args, ti)
           ^^^^^^^^^^^^^^^^^^^^^^^
  File "/home/airflow/.local/lib/python3.12/site-packages/airflow/cli/commands/task_command.py", line 341, in _run_raw_task
    return ti._run_raw_task(
           ^^^^^^^^^^^^^^^^^
  File "/home/airflow/.local/lib/python3.12/site-packages/airflow/utils/session.py", line 97, in wrapper
    return func(*args, session=session, **kwargs)
           ^^^^^^^^^^^^^^^^^^^^^^^^^^^^^^^^^^^^^^
  File "/home/airflow/.local/lib/python3.12/site-packages/airflow/models/taskinstance.py", line 3004, in _run_raw_task
    return _run_raw_task(
           ^^^^^^^^^^^^^^
  File "/home/airflow/.local/lib/python3.12/site-packages/airflow/models/taskinstance.py", line 273, in _run_raw_task
    TaskInstance._execute_task_with_callbacks(
  File "/home/airflow/.local/lib/python3.12/site-packages/airflow/models/taskinstance.py", line 3158, in _execute_task_with_callbacks
    result = self._execute_task(context, task_orig)
             ^^^^^^^^^^^^^^^^^^^^^^^^^^^^^^^^^^^^^^
  File "/home/airflow/.local/lib/python3.12/site-packages/airflow/models/taskinstance.py", line 3182, in _execute_task
    return _execute_task(self, context, task_orig)
           ^^^^^^^^^^^^^^^^^^^^^^^^^^^^^^^^^^^^^^^
  File "/home/airflow/.local/lib/python3.12/site-packages/airflow/models/taskinstance.py", line 767, in _execute_task
    result = _execute_callable(context=context, **execute_callable_kwargs)
             ^^^^^^^^^^^^^^^^^^^^^^^^^^^^^^^^^^^^^^^^^^^^^^^^^^^^^^^^^^^^^
  File "/home/airflow/.local/lib/python3.12/site-packages/airflow/models/taskinstance.py", line 733, in _execute_callable
    return ExecutionCallableRunner(
           ^^^^^^^^^^^^^^^^^^^^^^^^
  File "/home/airflow/.local/lib/python3.12/site-packages/airflow/utils/operator_helpers.py", line 252, in run
    return self.func(*args, **kwargs)
           ^^^^^^^^^^^^^^^^^^^^^^^^^^
  File "/home/airflow/.local/lib/python3.12/site-packages/airflow/models/baseoperator.py", line 406, in wrapper
    return func(self, *args, **kwargs)
           ^^^^^^^^^^^^^^^^^^^^^^^^^^^
  File "/home/airflow/.local/lib/python3.12/site-packages/airflow/operators/bash.py", line 249, in execute
    raise AirflowException(
airflow.exceptions.AirflowException: Bash command failed. The command returned a non-zero exit code 1.
[2025-11-27T11:43:21.893+0000] {local_task_job_runner.py:266} INFO - Task exited with return code 1
[2025-11-27T11:43:21.992+0000] {taskinstance.py:3900} INFO - 0 downstream tasks scheduled from follow-on schedule check
[2025-11-27T11:43:22.009+0000] {local_task_job_runner.py:245} INFO - ::endgroup::
